-------------------------------------------------------------------------------
Test set: edu.eci.dosw.bowling.BowlingGameTest
-------------------------------------------------------------------------------
Tests run: 7, Failures: 0, Errors: 1, Skipped: 0, Time elapsed: 0.124 s <<< FAILURE! -- in edu.eci.dosw.bowling.BowlingGameTest
edu.eci.dosw.bowling.BowlingGameTest.tenthFrameWithStrike_allowsThreeRolls -- Time elapsed: 0.006 s <<< ERROR!
java.lang.IndexOutOfBoundsException: Index: 9 Size: 1
	at java.base/java.util.ImmutableCollections$AbstractImmutableList.outOfBounds(ImmutableCollections.java:342)
	at java.base/java.util.ImmutableCollections$List12.get(ImmutableCollections.java:594)
	at edu.eci.dosw.bowling.BowlingGameTest.tenthFrameWithStrike_allowsThreeRolls(BowlingGameTest.java:90)
	at java.base/java.lang.reflect.Method.invoke(Method.java:565)
	at java.base/java.util.ArrayList.forEach(ArrayList.java:1604)
	at java.base/java.util.ArrayList.forEach(ArrayList.java:1604)

