<?xml version="1.0" encoding="UTF-8" standalone="yes"?><!DOCTYPE report PUBLIC "-//JACOCO//DTD Report 1.1//EN" "report.dtd"><report name="bowling-tdd"><sessioninfo id="PCJMG-ee8c9c3d" start="1789427055261" dump="1789427056237"/><sessioninfo id="PCJMG-50c5139" start="1789427284651" dump="1789427285965"/><sessioninfo id="PCJMG-20c75489" start="1789427528371" dump="1789427529219"/><sessioninfo id="PCJMG-4bab8e32" start="1789429030852" dump="1789429031755"/><sessioninfo id="PCJMG-9a604026" start="1789429239573" dump="1789429240408"/><sessioninfo id="PCJMG-becfe5f9" start="1789429363966" dump="1789429364808"/><sessioninfo id="PCJMG-1e717b63" start="1789429507705" dump="1789429508574"/><sessioninfo id="PCJMG-b007d3ca" start="1789429670635" dump="1789429671570"/><sessioninfo id="PCJMG-fd670ae6" start="1789429887006" dump="1789429887853"/><sessioninfo id="PCJMG-1e838a9b" start="1789429956153" dump="1789429957011"/><sessioninfo id="PCJMG-eac1aaf9" start="1789430243844" dump="1789430244727"/><sessioninfo id="PCJMG-b02d05ee" start="1789430376708" dump="1789430377640"/><sessioninfo id="PCJMG-47e590f5" start="1789430531020" dump="1789430531916"/><sessioninfo id="PCJMG-d981c033" start="1789430637251" dump="1789430638112"/><sessioninfo id="PCJMG-daf905b2" start="1789430688219" dump="1789430689168"/><sessioninfo id="PCJMG-922222d2" start="1789430746896" dump="1789430747762"/><sessioninfo id="PCJMG-406da931" start="1789430932475" dump="1789430933811"/><sessioninfo id="PCJMG-906c8066" start="1789431024944" dump="1789431025863"/><sessioninfo id="PCJMG-faeef8da" start="1789431336405" dump="1789431337223"/><sessioninfo id="PCJMG-1d4e78e8" start="1789431551760" dump="1789431552813"/><sessioninfo id="PCJMG-7f8f4b42" start="1789431857129" dump="1789431858048"/><sessioninfo id="PCJMG-1c53c077" start="1789432021171" dump="1789432022075"/><sessioninfo id="PCJMG-1c5c410e" start="1789432103148" dump="1789432104184"/><sessioninfo id="PCJMG-56e3a10a" start="1789434231502" dump="1789434232585"/><sessioninfo id="PCJMG-412a9ca4" start="1789434275104" dump="1789434276156"/><package name="edu/eci/dosw/bowling"><class name="edu/eci/dosw/bowling/FrameType" sourcefilename="FrameType.java"><method name="&lt;clinit&gt;" desc="()V" line="3"><counter type="INSTRUCTION" missed="0" covered="44"/><counter type="LINE" missed="0" covered="2"/><counter type="COMPLEXITY" missed="0" covered="1"/><counter type="METHOD" missed="0" covered="1"/></method><counter type="INSTRUCTION" missed="0" covered="44"/><counter type="LINE" missed="0" covered="2"/><counter type="COMPLEXITY" missed="0" covered="1"/><counter type="METHOD" missed="0" covered="1"/><counter type="CLASS" missed="0" covered="1"/></class><class name="edu/eci/dosw/bowling/BowlingScorer" sourcefilename="BowlingScorer.java"><method name="&lt;init&gt;" desc="()V" line="5"><counter type="INSTRUCTION" missed="3" covered="0"/><counter type="LINE" missed="1" covered="0"/><counter type="COMPLEXITY" missed="1" covered="0"/><counter type="METHOD" missed="1" covered="0"/></method><method name="calculate" desc="(Ljava/util/List;)I" line="7"><counter type="INSTRUCTION" missed="2" covered="0"/><counter type="LINE" missed="1" covered="0"/><counter type="COMPLEXITY" missed="1" covered="0"/><counter type="METHOD" missed="1" covered="0"/></method><counter type="INSTRUCTION" missed="5" covered="0"/><counter type="LINE" missed="2" covered="0"/><counter type="COMPLEXITY" missed="2" covered="0"/><counter type="METHOD" missed="2" covered="0"/><counter type="CLASS" missed="1" covered="0"/></class><class name="edu/eci/dosw/bowling/BowlingGame" sourcefilename="BowlingGame.java"><method name="&lt;init&gt;" desc="()V" line="18"><counter type="INSTRUCTION" missed="0" covered="19"/><counter type="LINE" missed="0" covered="5"/><counter type="COMPLEXITY" missed="0" covered="1"/><counter type="METHOD" missed="0" covered="1"/></method><method name="validatePins" desc="(I)V" line="25"><counter type="INSTRUCTION" missed="0" covered="12"/><counter type="BRANCH" missed="0" covered="4"/><counter type="LINE" missed="0" covered="3"/><counter type="COMPLEXITY" missed="0" covered="3"/><counter type="METHOD" missed="0" covered="1"/></method><method name="currentFrame" desc="()Ledu/eci/dosw/bowling/Frame;" line="31"><counter type="INSTRUCTION" missed="0" covered="10"/><counter type="LINE" missed="0" covered="1"/><counter type="COMPLEXITY" missed="0" covered="1"/><counter type="METHOD" missed="0" covered="1"/></method><method name="validateFrameSum" desc="(Ledu/eci/dosw/bowling/Frame;I)V" line="35"><counter type="INSTRUCTION" missed="0" covered="37"/><counter type="BRANCH" missed="0" covered="10"/><counter type="LINE" missed="0" covered="5"/><counter type="COMPLEXITY" missed="0" covered="6"/><counter type="METHOD" missed="0" covered="1"/></method><method name="advanceFrame" desc="(Ledu/eci/dosw/bowling/Frame;)V" line="44"><counter type="INSTRUCTION" missed="0" covered="12"/><counter type="LINE" missed="0" covered="2"/><counter type="COMPLEXITY" missed="0" covered="1"/><counter type="METHOD" missed="0" covered="1"/></method><method name="roll" desc="(I)V" line="51"><counter type="INSTRUCTION" missed="0" covered="38"/><counter type="BRANCH" missed="0" covered="8"/><counter type="LINE" missed="0" covered="10"/><counter type="COMPLEXITY" missed="0" covered="5"/><counter type="METHOD" missed="0" covered="1"/></method><method name="score" desc="()I" line="68"><counter type="INSTRUCTION" missed="0" covered="2"/><counter type="LINE" missed="0" covered="1"/><counter type="COMPLEXITY" missed="0" covered="1"/><counter type="METHOD" missed="0" covered="1"/></method><method name="isComplete" desc="()Z" line="73"><counter type="INSTRUCTION" missed="0" covered="14"/><counter type="BRANCH" missed="0" covered="2"/><counter type="LINE" missed="0" covered="2"/><counter type="COMPLEXITY" missed="0" covered="2"/><counter type="METHOD" missed="0" covered="1"/></method><method name="getFrames" desc="()Ljava/util/List;" line="77"><counter type="INSTRUCTION" missed="0" covered="4"/><counter type="LINE" missed="0" covered="1"/><counter type="COMPLEXITY" missed="0" covered="1"/><counter type="METHOD" missed="0" covered="1"/></method><counter type="INSTRUCTION" missed="0" covered="148"/><counter type="BRANCH" missed="0" covered="24"/><counter type="LINE" missed="0" covered="30"/><counter type="COMPLEXITY" missed="0" covered="21"/><counter type="METHOD" missed="0" covered="9"/><counter type="CLASS" missed="0" covered="1"/></class><class name="edu/eci/dosw/bowling/Frame" sourcefilename="Frame.java"><method name="&lt;init&gt;" desc="(I)V" line="7"><counter type="INSTRUCTION" missed="0" covered="11"/><counter type="LINE" missed="0" covered="4"/><counter type="COMPLEXITY" missed="0" covered="1"/><counter type="METHOD" missed="0" covered="1"/></method><method name="addRoll" desc="(I)V" line="15"><counter type="INSTRUCTION" missed="0" covered="7"/><counter type="LINE" missed="0" covered="2"/><counter type="COMPLEXITY" missed="0" covered="1"/><counter type="METHOD" missed="0" covered="1"/></method><method name="getRolls" desc="()Ljava/util/List;" line="19"><counter type="INSTRUCTION" missed="0" covered="4"/><counter type="LINE" missed="0" covered="1"/><counter type="COMPLEXITY" missed="0" covered="1"/><counter type="METHOD" missed="0" covered="1"/></method><method name="getIndex" desc="()I" line="23"><counter type="INSTRUCTION" missed="0" covered="3"/><counter type="LINE" missed="0" covered="1"/><counter type="COMPLEXITY" missed="0" covered="1"/><counter type="METHOD" missed="0" covered="1"/></method><method name="isComplete" desc="()Z" line="27"><counter type="INSTRUCTION" missed="0" covered="19"/><counter type="BRANCH" missed="0" covered="6"/><counter type="LINE" missed="0" covered="3"/><counter type="COMPLEXITY" missed="0" covered="4"/><counter type="METHOD" missed="0" covered="1"/></method><method name="tenthFrameComplete" desc="()Z" line="34"><counter type="INSTRUCTION" missed="0" covered="24"/><counter type="BRANCH" missed="1" covered="5"/><counter type="LINE" missed="0" covered="2"/><counter type="COMPLEXITY" missed="1" covered="3"/><counter type="METHOD" missed="0" covered="1"/></method><method name="isStrike" desc="()Z" line="38"><counter type="INSTRUCTION" missed="0" covered="20"/><counter type="BRANCH" missed="2" covered="4"/><counter type="LINE" missed="0" covered="1"/><counter type="COMPLEXITY" missed="2" covered="2"/><counter type="METHOD" missed="0" covered="1"/></method><method name="isSpare" desc="()Z" line="42"><counter type="INSTRUCTION" missed="2" covered="30"/><counter type="BRANCH" missed="3" covered="3"/><counter type="LINE" missed="0" covered="3"/><counter type="COMPLEXITY" missed="3" covered="1"/><counter type="METHOD" missed="0" covered="1"/></method><method name="getType" desc="()Ledu/eci/dosw/bowling/FrameType;" line="48"><counter type="INSTRUCTION" missed="4" covered="14"/><counter type="BRANCH" missed="2" covered="4"/><counter type="LINE" missed="1" covered="3"/><counter type="COMPLEXITY" missed="2" covered="2"/><counter type="METHOD" missed="0" covered="1"/></method><counter type="INSTRUCTION" missed="6" covered="132"/><counter type="BRANCH" missed="8" covered="22"/><counter type="LINE" missed="1" covered="20"/><counter type="COMPLEXITY" missed="8" covered="16"/><counter type="METHOD" missed="0" covered="9"/><counter type="CLASS" missed="0" covered="1"/></class><sourcefile name="Frame.java"><line nr="7" mi="0" ci="5" mb="0" cb="0"/><line nr="10" mi="0" ci="2" mb="0" cb="0"/><line nr="11" mi="0" ci="3" mb="0" cb="0"/><line nr="12" mi="0" ci="1" mb="0" cb="0"/><line nr="15" mi="0" ci="6" mb="0" cb="0"/><line nr="16" mi="0" ci="1" mb="0" cb="0"/><line nr="19" mi="0" ci="4" mb="0" cb="0"/><line nr="23" mi="0" ci="3" mb="0" cb="0"/><line nr="27" mi="0" ci="4" mb="0" cb="2"/><line nr="28" mi="0" ci="12" mb="0" cb="4"/><line nr="30" mi="0" ci="3" mb="0" cb="0"/><line nr="34" mi="0" ci="7" mb="0" cb="0"/><line nr="35" mi="0" ci="17" mb="1" cb="5"/><line nr="38" mi="0" ci="20" mb="2" cb="4"/><line nr="42" mi="2" ci="7" mb="1" cb="1"/><line nr="43" mi="0" ci="15" mb="1" cb="1"/><line nr="44" mi="0" ci="8" mb="1" cb="1"/><line nr="48" mi="2" ci="4" mb="1" cb="1"/><line nr="49" mi="0" ci="5" mb="0" cb="2"/><line nr="50" mi="0" ci="5" mb="1" cb="1"/><line nr="51" mi="2" ci="0" mb="0" cb="0"/><counter type="INSTRUCTION" missed="6" covered="132"/><counter type="BRANCH" missed="8" covered="22"/><counter type="LINE" missed="1" covered="20"/><counter type="COMPLEXITY" missed="8" covered="16"/><counter type="METHOD" missed="0" covered="9"/><counter type="CLASS" missed="0" covered="1"/></sourcefile><sourcefile name="FrameType.java"><line nr="3" mi="0" ci="20" mb="0" cb="0"/><line nr="4" mi="0" ci="24" mb="0" cb="0"/><counter type="INSTRUCTION" missed="0" covered="44"/><counter type="LINE" missed="0" covered="2"/><counter type="COMPLEXITY" missed="0" covered="1"/><counter type="METHOD" missed="0" covered="1"/><counter type="CLASS" missed="0" covered="1"/></sourcefile><sourcefile name="BowlingScorer.java"><line nr="5" mi="3" ci="0" mb="0" cb="0"/><line nr="7" mi="2" ci="0" mb="0" cb="0"/><counter type="INSTRUCTION" missed="5" covered="0"/><counter type="LINE" missed="2" covered="0"/><counter type="COMPLEXITY" missed="2" covered="0"/><counter type="METHOD" missed="2" covered="0"/><counter type="CLASS" missed="1" covered="0"/></sourcefile><sourcefile name="BowlingGame.java"><line nr="18" mi="0" ci="2" mb="0" cb="0"/><line nr="19" mi="0" ci="5" mb="0" cb="0"/><line nr="20" mi="0" ci="3" mb="0" cb="0"/><line nr="21" mi="0" ci="8" mb="0" cb="0"/><line nr="22" mi="0" ci="1" mb="0" cb="0"/><line nr="25" mi="0" ci="5" mb="0" cb="4"/><line nr="26" mi="0" ci="6" mb="0" cb="0"/><line nr="28" mi="0" ci="1" mb="0" cb="0"/><line nr="31" mi="0" ci="10" mb="0" cb="0"/><line nr="35" mi="0" ci="8" mb="0" cb="2"/><line nr="36" mi="0" ci="9" mb="0" cb="2"/><line nr="38" mi="0" ci="14" mb="0" cb="6"/><line nr="39" mi="0" ci="5" mb="0" cb="0"/><line nr="41" mi="0" ci="1" mb="0" cb="0"/><line nr="44" mi="0" ci="11" mb="0" cb="0"/><line nr="45" mi="0" ci="1" mb="0" cb="0"/><line nr="51" mi="0" ci="3" mb="0" cb="2"/><line nr="52" mi="0" ci="5" mb="0" cb="0"/><line nr="54" mi="0" ci="3" mb="0" cb="0"/><line nr="55" mi="0" ci="3" mb="0" cb="0"/><line nr="56" mi="0" ci="4" mb="0" cb="0"/><line nr="57" mi="0" ci="3" mb="0" cb="0"/><line nr="59" mi="0" ci="8" mb="0" cb="2"/><line nr="60" mi="0" ci="5" mb="0" cb="4"/><line nr="61" mi="0" ci="3" mb="0" cb="0"/><line nr="63" mi="0" ci="1" mb="0" cb="0"/><line nr="68" mi="0" ci="2" mb="0" cb="0"/><line nr="73" mi="0" ci="7" mb="0" cb="2"/><line nr="74" mi="0" ci="7" mb="0" cb="0"/><line nr="77" mi="0" ci="4" mb="0" cb="0"/><counter type="INSTRUCTION" missed="0" covered="148"/><counter type="BRANCH" missed="0" covered="24"/><counter type="LINE" missed="0" covered="30"/><counter type="COMPLEXITY" missed="0" covered="21"/><counter type="METHOD" missed="0" covered="9"/><counter type="CLASS" missed="0" covered="1"/></sourcefile><counter type="INSTRUCTION" missed="11" covered="324"/><counter type="BRANCH" missed="8" covered="46"/><counter type="LINE" missed="3" covered="52"/><counter type="COMPLEXITY" missed="10" covered="38"/><counter type="METHOD" missed="2" covered="19"/><counter type="CLASS" missed="1" covered="3"/></package><counter type="INSTRUCTION" missed="11" covered="324"/><counter type="BRANCH" missed="8" covered="46"/><counter type="LINE" missed="3" covered="52"/><counter type="COMPLEXITY" missed="10" covered="38"/><counter type="METHOD" missed="2" covered="19"/><counter type="CLASS" missed="1" covered="3"/></report>